<?xml version="1.0" encoding="UTF-8"?>
<!-- Generated by org.testng.reporters.JUnitReportReporter -->
<testsuite hostname="DESKTOP-PTPL9S6" failures="0" tests="1" name="All.streams" time="0.016" errors="0" timestamp="25 May 2021 16:11:27 GMT">
  <testcase classname="All.streams" name="collect" time="0.016"/>
</testsuite> <!-- All.streams -->
